Archive:  data/org/Air_quality_NO2.zip
  inflating: data/org/air_quality/Air_quality_NO2/dvNO2_2010.aux.xml  
  inflating: data/org/air_quality/Air_quality_NO2/dvno2_2010.ovr  
   creating: data/org/air_quality/Air_quality_NO2/dvno2_2010/
  inflating: data/org/air_quality/Air_quality_NO2/dvno2_2010/dblbnd.adf  
  inflating: data/org/air_quality/Air_quality_NO2/dvno2_2010/hdr.adf  
  inflating: data/org/air_quality/Air_quality_NO2/dvno2_2010/log  
 extracting: data/org/air_quality/Air_quality_NO2/dvno2_2010/sta.adf  
  inflating: data/org/air_quality/Air_quality_NO2/dvno2_2010/w001001.adf  
  inflating: data/org/air_quality/Air_quality_NO2/dvno2_2010/w001001x.adf  
   creating: data/org/air_quality/Air_quality_NO2/info/
  inflating: data/org/air_quality/Air_quality_NO2/info/arc.dir  
  inflating: data/org/air_quality/Air_quality_NO2/info/arc0000.dat  
  inflating: data/org/air_quality/Air_quality_NO2/info/arc0000.nit  
  inflating: data/org/air_quality/Air_quality_NO2/info/arc0001.dat  
  inflating: data/org/air_quality/Air_quality_NO2/info/arc0001.nit  
  inflating: data/org/air_quality/Air_quality_NO2/info/arc0002.dat  
  inflating: data/org/air_quality/Air_quality_NO2/info/arc0002.nit  
  inflating: data/org/air_quality/Air_quality_NO2/info/arc0003.dat  
  inflating: data/org/air_quality/Air_quality_NO2/info/arc0003.nit  
  inflating: data/org/air_quality/Air_quality_NO2/info/arc0004.dat  
  inflating: data/org/air_quality/Air_quality_NO2/info/arc0004.nit  
  inflating: data/org/air_quality/Air_quality_NO2/info/arc0005.dat  
  inflating: data/org/air_quality/Air_quality_NO2/info/arc0005.nit  
  inflating: data/org/air_quality/Air_quality_NO2/log  
  inflating: data/org/air_quality/Air_quality_NO2/NO2_2010_1km.aux.xml  
  inflating: data/org/air_quality/Air_quality_NO2/no2_2010_1km.ovr  
   creating: data/org/air_quality/Air_quality_NO2/no2_2010_1km/
  inflating: data/org/air_quality/Air_quality_NO2/no2_2010_1km/dblbnd.adf  
  inflating: data/org/air_quality/Air_quality_NO2/no2_2010_1km/hdr.adf  
  inflating: data/org/air_quality/Air_quality_NO2/no2_2010_1km/log  
 extracting: data/org/air_quality/Air_quality_NO2/no2_2010_1km/sta.adf  
  inflating: data/org/air_quality/Air_quality_NO2/no2_2010_1km/w001001.adf  
  inflating: data/org/air_quality/Air_quality_NO2/no2_2010_1km/w001001x.adf  
  inflating: data/org/air_quality/Air_quality_NO2/rcNO2_2010.aux.xml  
  inflating: data/org/air_quality/Air_quality_NO2/rcno2_2010.ovr  
   creating: data/org/air_quality/Air_quality_NO2/rcno2_2010/
  inflating: data/org/air_quality/Air_quality_NO2/rcno2_2010/dblbnd.adf  
  inflating: data/org/air_quality/Air_quality_NO2/rcno2_2010/hdr.adf  
  inflating: data/org/air_quality/Air_quality_NO2/rcno2_2010/log  
  inflating: data/org/air_quality/Air_quality_NO2/rcno2_2010/sta.adf  
  inflating: data/org/air_quality/Air_quality_NO2/rcno2_2010/w001001.adf  
  inflating: data/org/air_quality/Air_quality_NO2/rcno2_2010/w001001x.adf  
