
Traslating data/org/pges/Agrobiodiversity Species Richness.tif to data/pges/agrobiodiversity_species_richness.tif
Input file size is 5856, 4092
0...10...20...30...40...50...60...70...80...90...100 - done.
Traslating data/org/pges/Carbon Sequestration.tif to data/pges/carbon_sequestration.tif
Input file size is 6235, 4962
0...10...20...30...40...50...60...70...80...90...100 - done.
Traslating data/org/pges/Cultural landscape index agro.tif to data/pges/cultural_landscape_index_agro.tif
Input file size is 3755, 3836
0...10...20...30...40...50...60...70...80...90...100 - done.
Traslating data/org/pges/Cultural Landscape index forest.tif to data/pges/cultural_landscape_index_forest.tif
Input file size is 3200, 3834
0...10...20...30...40...50...60...70...80...90...100 - done.
Traslating data/org/pges/Erosion Prevention.tif to data/pges/erosion_prevention.tif
Input file size is 5856, 4092
0...10...20...30...40...50...60...70...80...90...100 - done.
Traslating data/org/pges/Flood Regulation Supply.tif to data/pges/flood_regulation_supply.tif
Input file size is 3789, 3853
0...10...20...30...40...50...60...70...80...90...100 - done.
Traslating data/org/pges/Floodregulation.tif to data/pges/floodregulation.tif
Input file size is 3789, 3853
0...10...20...30...40...50...60...70...80...90...100 - done.
Traslating data/org/pges/Megafauna.tif to data/pges/megafauna.tif
Input file size is 3846, 3853
0...10...20...30...40...50...60...70...80...90...100 - done.
Traslating data/org/pges/Nature Tourism .tif to data/pges/nature_tourism.tif
Input file size is 5856, 4092
0...10...20...30...40...50...60...70...80...90...100 - done.
Traslating data/org/pges/Pollination Flows.tif to data/pges/pollination_flows.tif
Input file size is 5856, 4092
0...10...20...30...40...50...60...70...80...90...100 - done.
Traslating data/org/pges/Pollination_visitprob.tif to data/pges/pollination_visitprob.tif
Input file size is 5246, 4296
0...10...20...30...40...50...60...70...80...90...100 - done.
Traslating data/org/pges/Species Richness Farmland Birds original1.tif to data/pges/species_richness_farmland_birds_original1.tif
Input file size is 5856, 4092
0...10...20...30...40...50...60...70...80...90...100 - done.
Traslating data/org/pges/Species Richness Vascular Plants.tif to data/pges/species_richness_vascular_plants.tif
Input file size is 5013, 4475
0...10...20...30...40...50...60...70...80...90...100 - done.
