
Traslating data/org/provide/Agrobiodiversity Species Richness.tif to data/provide/agrobiodiversity_species_richness/agrobiodiversity_species_richness.tif
Input file size is 5856, 4092
0...10...20...30...40...50...60...70...80...90...100 - done.
Traslating data/org/provide/Carbon Sequestration.tif to data/provide/carbon_sequestration/carbon_sequestration.tif
Input file size is 6235, 4962
0...10...20...30...40...50...60...70...80...90...100 - done.
Traslating data/org/provide/Cultural landscape index agro.tif to data/provide/cultural_landscape_index_agro/cultural_landscape_index_agro.tif
Input file size is 3755, 3836
0...10...20...30...40...50...60...70...80...90...100 - done.
Traslating data/org/provide/Cultural Landscape index forest.tif to data/provide/cultural_landscape_index_forest/cultural_landscape_index_forest.tif
Input file size is 3200, 3834
0...10...20...30...40...50...60...70...80...90...100 - done.
Traslating data/org/provide/Erosion Prevention.tif to data/provide/erosion_prevention/erosion_prevention.tif
Input file size is 5856, 4092
0...10...20...30...40...50...60...70...80...90...100 - done.
Traslating data/org/provide/Flood Regulation Supply.tif to data/provide/flood_regulation_supply/flood_regulation_supply.tif
Input file size is 3789, 3853
0...10...20...30...40...50...60...70...80...90...100 - done.
Traslating data/org/provide/Floodregulation.tif to data/provide/floodregulation/floodregulation.tif
Input file size is 3789, 3853
0...10...20...30...40...50...60...70...80...90...100 - done.
Traslating data/org/provide/Megafauna.tif to data/provide/megafauna/megafauna.tif
Input file size is 3846, 3853
0...10...20...30...40...50...60...70...80...90...100 - done.
Traslating data/org/provide/Nature Tourism .tif to data/provide/nature_tourism/nature_tourism.tif
Input file size is 5856, 4092
0...10...20...30...40...50...60...70...80...90...100 - done.
Traslating data/org/provide/Pollination Flows.tif to data/provide/pollination_flows/pollination_flows.tif
Input file size is 5856, 4092
0...10...20...30...40...50...60...70...80...90...100 - done.
Traslating data/org/provide/Pollination_visitprob.tif to data/provide/pollination_visitprob/pollination_visitprob.tif
Input file size is 5246, 4296
0...10...20...30...40...50...60...70...80...90...100 - done.
Traslating data/org/provide/Species Richness Farmland Birds original1.tif to data/provide/species_richness_farmland_birds_original1/species_richness_farmland_birds_original1.tif
Input file size is 5856, 4092
0...10...20...30...40...50...60...70...80...90...100 - done.
Traslating data/org/provide/Species Richness Vascular Plants.tif to data/provide/species_richness_vascular_plants/species_richness_vascular_plants.tif
Input file size is 5013, 4475
0...10...20...30...40...50...60...70...80...90...100 - done.
