Archive:  datadryad.org/bitstream/handle/10255/dryad.98949/WoodProductionMaps.zip
   creating: data/WoodProductionMaps/
  inflating: data/WoodProductionMaps/woodprod_2000.tfw  
  inflating: data/WoodProductionMaps/woodprod_2000.tif  
  inflating: data/WoodProductionMaps/woodprod_2001.tfw  
  inflating: data/WoodProductionMaps/woodprod_2001.tif  
  inflating: data/WoodProductionMaps/woodprod_2002.tfw  
  inflating: data/WoodProductionMaps/woodprod_2002.tif  
  inflating: data/WoodProductionMaps/woodprod_2003.tfw  
  inflating: data/WoodProductionMaps/woodprod_2003.tif  
  inflating: data/WoodProductionMaps/woodprod_2004.tfw  
  inflating: data/WoodProductionMaps/woodprod_2004.tif  
  inflating: data/WoodProductionMaps/woodprod_2005.tfw  
  inflating: data/WoodProductionMaps/woodprod_2005.tif  
  inflating: data/WoodProductionMaps/woodprod_2006.tfw  
  inflating: data/WoodProductionMaps/woodprod_2006.tif  
  inflating: data/WoodProductionMaps/woodprod_2007.tfw  
  inflating: data/WoodProductionMaps/woodprod_2007.tif  
  inflating: data/WoodProductionMaps/woodprod_2008.tfw  
  inflating: data/WoodProductionMaps/woodprod_2008.tif  
  inflating: data/WoodProductionMaps/woodprod_2009.tfw  
  inflating: data/WoodProductionMaps/woodprod_2009.tif  
  inflating: data/WoodProductionMaps/woodprod_2010.tfw  
  inflating: data/WoodProductionMaps/woodprod_2010.tif  
  inflating: data/WoodProductionMaps/woodprod_average.tfw  
  inflating: data/WoodProductionMaps/woodprod_average.tif  
