2016-03-31 14:18:20,888 [INFO ]  [1/168] Translating data/birds/output/b1814a12000 to data/birds/acrocephalus_paludicola_a12000.tif...
2016-03-31 14:18:21,197 [INFO ]  [2/168] Translating data/birds/output/b1815a12000 to data/birds/actitis_hypoleucos_a12000.tif...
2016-03-31 14:18:21,783 [INFO ]  [3/168] Translating data/birds/output/b1819a12000 to data/birds/alcedo_atthis_a12000.tif...
2016-03-31 14:18:22,172 [INFO ]  [4/168] Translating data/birds/output/b1820a12000 to data/birds/alectoris_barbara_a12000.tif...
2016-03-31 14:18:22,522 [INFO ]  [5/168] Translating data/birds/output/b1821a12000 to data/birds/alectoris_chukar_a12000.tif...
2016-03-31 14:18:22,866 [INFO ]  [6/168] Translating data/birds/output/b1823a12000 to data/birds/alectoris_rufa_a12000.tif...
2016-03-31 14:18:23,375 [INFO ]  [7/168] Translating data/birds/output/b1825a12000 to data/birds/anas_clypeata_a12000.tif...
2016-03-31 14:18:23,721 [INFO ]  [8/168] Translating data/birds/output/b1828a12000 to data/birds/anas_platyrhynchos_a12000.tif...
2016-03-31 14:18:24,072 [INFO ]  [9/168] Translating data/birds/output/b1829a12000 to data/birds/anas_querquedula_a12000.tif...
2016-03-31 14:18:24,417 [INFO ]  [10/168] Translating data/birds/output/b1830a12000 to data/birds/anas_strepera_a12000.tif...
2016-03-31 14:18:24,753 [INFO ]  [11/168] Translating data/birds/output/b1832a12000 to data/birds/anthus_campestris_a12000.tif...
2016-03-31 14:18:25,228 [INFO ]  [12/168] Translating data/birds/output/b1840a12000 to data/birds/ardeola_ralloides_a12000.tif...
2016-03-31 14:18:25,569 [INFO ]  [13/168] Translating data/birds/output/b1841a12000 to data/birds/arenaria_interpres_a12000.tif...
2016-03-31 14:18:25,879 [INFO ]  [14/168] Translating data/birds/output/b1844a12000 to data/birds/aythya_ferina_a12000.tif...
2016-03-31 14:18:26,279 [INFO ]  [15/168] Translating data/birds/output/b1845a12000 to data/birds/aythya_fuligula_a12000.tif...
2016-03-31 14:18:26,625 [INFO ]  [16/168] Translating data/birds/output/b1846a12000 to data/birds/aythya_marila_a12000.tif...
2016-03-31 14:18:27,035 [INFO ]  [17/168] Translating data/birds/output/b1847a12000 to data/birds/aythya_nyroca_a12000.tif...
2016-03-31 14:18:27,374 [INFO ]  [18/168] Translating data/birds/output/b1852a12000 to data/birds/bucephala_clangula_a12000.tif...
2016-03-31 14:18:27,748 [INFO ]  [19/168] Translating data/birds/output/b1859a12000 to data/birds/calidris_alpina_a12000.tif...
2016-03-31 14:18:28,093 [INFO ]  [20/168] Translating data/birds/output/b1861a12000 to data/birds/calidris_maritima_a12000.tif...
2016-03-31 14:18:28,416 [INFO ]  [21/168] Translating data/birds/output/b1862a12000 to data/birds/calidris_minuta_a12000.tif...
2016-03-31 14:18:28,758 [INFO ]  [22/168] Translating data/birds/output/b1864a12000 to data/birds/caprimulgus_europaeus_a12000.tif...
2016-03-31 14:18:29,287 [INFO ]  [23/168] Translating data/birds/output/b1865a12000 to data/birds/carduelis_cannabina_a12000.tif...
2016-03-31 14:18:29,906 [INFO ]  [24/168] Translating data/birds/output/b1867a12000 to data/birds/carduelis_chloris_a12000.tif...
2016-03-31 14:18:30,364 [INFO ]  [25/168] Translating data/birds/output/b1875a12000 to data/birds/ciconia_ciconia_a12000.tif...
2016-03-31 14:18:30,857 [INFO ]  [26/168] Translating data/birds/output/b1881a12000 to data/birds/coracias_garrulus_a12000.tif...
2016-03-31 14:18:31,225 [INFO ]  [27/168] Translating data/birds/output/b1883a12000 to data/birds/corvus_monedula_a12000.tif...
2016-03-31 14:18:31,777 [INFO ]  [28/168] Translating data/birds/output/b1888a12000 to data/birds/cygnus_olor_a12000.tif...
2016-03-31 14:18:32,099 [INFO ]  [29/168] Translating data/birds/output/b1892a12000 to data/birds/emberiza_cia_a12000.tif...
2016-03-31 14:18:32,502 [INFO ]  [30/168] Translating data/birds/output/b1894a12000 to data/birds/emberiza_hortulana_a12000.tif...
2016-03-31 14:18:32,973 [INFO ]  [31/168] Translating data/birds/output/b1895a12000 to data/birds/emberiza_melanocephala_a12000.tif...
2016-03-31 14:18:33,337 [INFO ]  [32/168] Translating data/birds/output/b1896a12000 to data/birds/emberiza_schoeniclus_a12000.tif...
2016-03-31 14:18:33,750 [INFO ]  [33/168] Translating data/birds/output/b1897a12000 to data/birds/erithacus_rubecula_a12000.tif...
2016-03-31 14:18:34,370 [INFO ]  [34/168] Translating data/birds/output/b1902a12000 to data/birds/falco_rusticolus_a12000.tif...
2016-03-31 14:18:34,710 [INFO ]  [35/168] Translating data/birds/output/b1906a12000 to data/birds/ficedula_semitorquata_a12000.tif...
2016-03-31 14:18:35,092 [INFO ]  [36/168] Translating data/birds/output/b1908a12000 to data/birds/fringilla_coelebs_a12000.tif...
2016-03-31 14:18:35,984 [INFO ]  [37/168] Translating data/birds/output/b1909a12000 to data/birds/fulica_atra_a12000.tif...
2016-03-31 14:18:36,382 [INFO ]  [38/168] Translating data/birds/output/b1910a12000 to data/birds/galerida_cristata_a12000.tif...
2016-03-31 14:18:37,007 [INFO ]  [39/168] Translating data/birds/output/b1911a12000 to data/birds/galerida_theklae_a12000.tif...
2016-03-31 14:18:37,344 [INFO ]  [40/168] Translating data/birds/output/b1917a12000 to data/birds/gelochelidon_nilotica_a12000.tif...
2016-03-31 14:18:37,701 [INFO ]  [41/168] Translating data/birds/output/b1924a12000 to data/birds/hippolais_pallida_a12000.tif...
2016-03-31 14:18:38,051 [INFO ]  [42/168] Translating data/birds/output/b1925a12000 to data/birds/hirundo_rustica_a12000.tif...
2016-03-31 14:18:38,684 [INFO ]  [43/168] Translating data/birds/output/b1927a12000 to data/birds/jynx_torquilla_a12000.tif...
2016-03-31 14:18:39,269 [INFO ]  [44/168] Translating data/birds/output/b1928a12000 to data/birds/lanius_collurio_a12000.tif...
2016-03-31 14:18:39,871 [INFO ]  [45/168] Translating data/birds/output/b1930a12000 to data/birds/lanius_minor_a12000.tif...
2016-03-31 14:18:40,263 [INFO ]  [46/168] Translating data/birds/output/b1931a12000 to data/birds/lanius_nubicus_a12000.tif...
2016-03-31 14:18:40,573 [INFO ]  [47/168] Translating data/birds/output/b1932a12000 to data/birds/lanius_senator_a12000.tif...
2016-03-31 14:18:41,016 [INFO ]  [48/168] Translating data/birds/output/b1937a12000 to data/birds/larus_minutus_a12000.tif...
2016-03-31 14:18:41,335 [INFO ]  [49/168] Translating data/birds/output/b1938a12000 to data/birds/larus_ridibundus_a12000.tif...
2016-03-31 14:18:41,717 [INFO ]  [50/168] Translating data/birds/output/b1939a12000 to data/birds/limosa_lapponica_a12000.tif...
2016-03-31 14:18:42,069 [INFO ]  [51/168] Translating data/birds/output/b1941a12000 to data/birds/lullula_arborea_a12000.tif...
2016-03-31 14:18:42,498 [INFO ]  [52/168] Translating data/birds/output/b1942a12000 to data/birds/lymnocryptes_minimus_a12000.tif...
2016-03-31 14:18:42,875 [INFO ]  [53/168] Translating data/birds/output/b1943a12000 to data/birds/melanitta_fusca_a12000.tif...
2016-03-31 14:18:43,235 [INFO ]  [54/168] Translating data/birds/output/b1944a12000 to data/birds/melanocorypha_calandra_a12000.tif...
2016-03-31 14:18:43,582 [INFO ]  [55/168] Translating data/birds/output/b1945a12000 to data/birds/mergus_albellus_a12000.tif...
2016-03-31 14:18:43,934 [INFO ]  [56/168] Translating data/birds/output/b1946a12000 to data/birds/mergus_merganser_a12000.tif...
2016-03-31 14:18:44,267 [INFO ]  [57/168] Translating data/birds/output/b1948a12000 to data/birds/merops_apiaster_a12000.tif...
2016-03-31 14:18:44,791 [INFO ]  [58/168] Translating data/birds/output/b1949a12000 to data/birds/miliaria_calandra_a12000.tif...
2016-03-31 14:18:45,388 [INFO ]  [59/168] Translating data/birds/output/b1952a12000 to data/birds/monticola_saxatilis_a12000.tif...
2016-03-31 14:18:45,794 [INFO ]  [60/168] Translating data/birds/output/b1953a12000 to data/birds/monticola_solitarius_a12000.tif...
2016-03-31 14:18:46,170 [INFO ]  [61/168] Translating data/birds/output/b1955a12000 to data/birds/muscicapa_striata_a12000.tif...
2016-03-31 14:18:46,799 [INFO ]  [62/168] Translating data/birds/output/b1957a12000 to data/birds/netta_rufina_a12000.tif...
2016-03-31 14:18:47,118 [INFO ]  [63/168] Translating data/birds/output/b1960a12000 to data/birds/nycticorax_nycticorax_a12000.tif...
2016-03-31 14:18:47,457 [INFO ]  [64/168] Translating data/birds/output/b1961a12000 to data/birds/oenanthe_leucura_a12000.tif...
2016-03-31 14:18:47,856 [INFO ]  [65/168] Translating data/birds/output/b1965a12000 to data/birds/oxyura_leucocephala_a12000.tif...
2016-03-31 14:18:48,233 [INFO ]  [66/168] Translating data/birds/output/b1968a12000 to data/birds/parus_caeruleus_a12000.tif...
2016-03-31 14:18:48,836 [INFO ]  [67/168] Translating data/birds/output/b1969a12000 to data/birds/parus_cristatus_a12000.tif...
2016-03-31 14:18:49,415 [INFO ]  [68/168] Translating data/birds/output/b1973a12000 to data/birds/passer_montanus_a12000.tif...
2016-03-31 14:18:50,043 [INFO ]  [69/168] Translating data/birds/output/b1974a12000 to data/birds/perdix_perdix_a12000.tif...
2016-03-31 14:18:50,618 [INFO ]  [70/168] Translating data/birds/output/b1975a12000 to data/birds/perisoreus_infaustus_a12000.tif...
2016-03-31 14:18:51,009 [INFO ]  [71/168] Translating data/birds/output/b1978a12000 to data/birds/phoenicurus_phoenicurus_a12000.tif...
2016-03-31 14:18:51,638 [INFO ]  [72/168] Translating data/birds/output/b1979a12000 to data/birds/phylloscopus_bonelli_a12000.tif...
2016-03-31 14:18:52,057 [INFO ]  [73/168] Translating data/birds/output/b1981a12000 to data/birds/phylloscopus_sibilatrix_a12000.tif...
2016-03-31 14:18:52,660 [INFO ]  [74/168] Translating data/birds/output/b1984a12000 to data/birds/picoides_tridactylus_a12000.tif...
2016-03-31 14:18:53,057 [INFO ]  [75/168] Translating data/birds/output/b1985a12000 to data/birds/picus_canus_a12000.tif...
2016-03-31 14:18:53,530 [INFO ]  [76/168] Translating data/birds/output/b1986a12000 to data/birds/picus_viridis_a12000.tif...
2016-03-31 14:18:54,117 [INFO ]  [77/168] Translating data/birds/output/b1987a12000 to data/birds/platalea_leucorodia_a12000.tif...
2016-03-31 14:18:54,457 [INFO ]  [78/168] Translating data/birds/output/b1988a12000 to data/birds/plegadis_falcinellus_a12000.tif...
2016-03-31 14:18:54,782 [INFO ]  [79/168] Translating data/birds/output/b1989a12000 to data/birds/pluvialis_apricaria_a12000.tif...
2016-03-31 14:18:55,118 [INFO ]  [80/168] Translating data/birds/output/b1991a12000 to data/birds/podiceps_auritus_a12000.tif...
2016-03-31 14:18:55,443 [INFO ]  [81/168] Translating data/birds/output/b1994a12000 to data/birds/prunella_modularis_a12000.tif...
2016-03-31 14:18:56,002 [INFO ]  [82/168] Translating data/birds/output/b2000a12000 to data/birds/regulus_regulus_a12000.tif...
2016-03-31 14:18:56,590 [INFO ]  [83/168] Translating data/birds/output/b2002a12000 to data/birds/scolopax_rusticola_a12000.tif...
2016-03-31 14:18:56,910 [INFO ]  [84/168] Translating data/birds/output/b2003a12000 to data/birds/sterna_caspia_a12000.tif...
2016-03-31 14:18:57,305 [INFO ]  [85/168] Translating data/birds/output/b2004a12000 to data/birds/sterna_dougallii_a12000.tif...
2016-03-31 14:18:57,612 [INFO ]  [86/168] Translating data/birds/output/b2007a12000 to data/birds/sturnus_vulgaris_a12000.tif...
2016-03-31 14:18:58,184 [INFO ]  [87/168] Translating data/birds/output/b2008a12000 to data/birds/sylvia_atricapilla_a12000.tif...
2016-03-31 14:18:58,785 [INFO ]  [88/168] Translating data/birds/output/b2009a12000 to data/birds/sylvia_borin_a12000.tif...
2016-03-31 14:18:59,356 [INFO ]  [89/168] Translating data/birds/output/b2010a12000 to data/birds/sylvia_communis_a12000.tif...
2016-03-31 14:18:59,960 [INFO ]  [90/168] Translating data/birds/output/b2011a12000 to data/birds/sylvia_undata_a12000.tif...
2016-03-31 14:19:00,344 [INFO ]  [91/168] Translating data/birds/output/b2012a12000 to data/birds/tadorna_ferruginea_a12000.tif...
2016-03-31 14:19:00,731 [INFO ]  [92/168] Translating data/birds/output/b2015a12000 to data/birds/tringa_erythropus_a12000.tif...
2016-03-31 14:19:01,041 [INFO ]  [93/168] Translating data/birds/output/b2016a12000 to data/birds/tringa_glareola_a12000.tif...
2016-03-31 14:19:01,409 [INFO ]  [94/168] Translating data/birds/output/b2019a12000 to data/birds/turdus_merula_a12000.tif...
2016-03-31 14:19:02,158 [INFO ]  [95/168] Translating data/birds/output/b2020a12000 to data/birds/turdus_philomelos_a12000.tif...
2016-03-31 14:19:02,823 [INFO ]  [96/168] Translating data/birds/output/b2021a12000 to data/birds/turdus_viscivorus_a12000.tif...
2016-03-31 14:19:03,387 [INFO ]  [97/168] Translating data/birds/output/b1856a12000 to data/birds/calandrella_brachydactyla_a12000.tif...
2016-03-31 14:19:03,806 [INFO ]  [98/168] Translating data/birds/output/b1857a12000 to data/birds/calandrella_rufescens_a12000.tif...
2016-03-31 14:19:04,138 [INFO ]  [99/168] Translating data/birds/output/b1873a12000 to data/birds/chlidonias_hybridus_a12000.tif...
2016-03-31 14:19:04,498 [INFO ]  [100/168] Translating data/birds/output/b1824a12000 to data/birds/anas_acuta_a12000.tif...
2016-03-31 14:19:04,884 [INFO ]  [101/168] Translating data/birds/output/b1831a12000 to data/birds/anser_erythropus_a12000.tif...
2016-03-31 14:19:05,207 [INFO ]  [102/168] Translating data/birds/output/b1842a12000 to data/birds/asio_flammeus_a12000.tif...
2016-03-31 14:19:05,622 [INFO ]  [103/168] Translating data/birds/output/b1843a12000 to data/birds/athene_noctua_a12000.tif...
2016-03-31 14:19:06,257 [INFO ]  [104/168] Translating data/birds/output/b1853a12000 to data/birds/burhinus_oedicnemus_a12000.tif...
2016-03-31 14:19:06,643 [INFO ]  [105/168] Translating data/birds/output/b1855a12000 to data/birds/buteo_rufinus_a12000.tif...
2016-03-31 14:19:07,026 [INFO ]  [106/168] Translating data/birds/output/b1874a12000 to data/birds/chlidonias_niger_a12000.tif...
2016-03-31 14:19:07,379 [INFO ]  [107/168] Translating data/birds/output/b1904a12000 to data/birds/falco_tinnunculus_a12000.tif...
2016-03-31 14:19:08,044 [INFO ]  [108/168] Translating data/birds/output/b1918a12000 to data/birds/glareola_nordmanni_a12000.tif...
2016-03-31 14:19:08,408 [INFO ]  [109/168] Translating data/birds/output/b1919a12000 to data/birds/glareola_pratincola_a12000.tif...
2016-03-31 14:19:08,835 [INFO ]  [110/168] Translating data/birds/output/b1950a12000 to data/birds/milvus_migrans_a12000.tif...
2016-03-31 14:19:09,366 [INFO ]  [111/168] Translating data/birds/output/b1951a12000 to data/birds/milvus_milvus_a12000.tif...
2016-03-31 14:19:09,866 [INFO ]  [112/168] Translating data/birds/output/b1958a12000 to data/birds/numenius_arquata_a12000.tif...
2016-03-31 14:19:10,231 [INFO ]  [113/168] Translating data/birds/output/b1963a12000 to data/birds/otis_tarda_a12000.tif...
2016-03-31 14:19:10,560 [INFO ]  [114/168] Translating data/birds/output/b1812a12000 to data/birds/accipiter_brevipes_a12000.tif...
2016-03-31 14:19:10,889 [INFO ]  [115/168] Translating data/birds/output/b1817a12000 to data/birds/aegypius_monachus_a12000.tif...
2016-03-31 14:19:11,188 [INFO ]  [116/168] Translating data/birds/output/b1818a12000 to data/birds/alauda_arvensis_a12000.tif...
2016-03-31 14:19:11,836 [INFO ]  [117/168] Translating data/birds/output/b1822a12000 to data/birds/alectoris_graeca_a12000.tif...
2016-03-31 14:19:12,163 [INFO ]  [118/168] Translating data/birds/output/b1827a12000 to data/birds/anas_penelope_a12000.tif...
2016-03-31 14:19:12,498 [INFO ]  [119/168] Translating data/birds/output/b1834a12000 to data/birds/aquila_chrysaetos_a12000.tif...
2016-03-31 14:19:12,932 [INFO ]  [120/168] Translating data/birds/output/b1835a12000 to data/birds/aquila_clanga_a12000.tif...
2016-03-31 14:19:13,261 [INFO ]  [121/168] Translating data/birds/output/b1836a12000 to data/birds/aquila_heliaca_a12000.tif...
2016-03-31 14:19:13,572 [INFO ]  [122/168] Translating data/birds/output/b1838a12000 to data/birds/aquila_pomarina_a12000.tif...
2016-03-31 14:19:13,907 [INFO ]  [123/168] Translating data/birds/output/b1839a12000 to data/birds/ardea_purpurea_a12000.tif...
2016-03-31 14:19:14,220 [INFO ]  [124/168] Translating data/birds/output/b1848a12000 to data/birds/botaurus_stellaris_a12000.tif...
2016-03-31 14:19:14,541 [INFO ]  [125/168] Translating data/birds/output/b1849a12000 to data/birds/branta_bernicla_a12000.tif...
2016-03-31 14:19:14,863 [INFO ]  [126/168] Translating data/birds/output/b1851a12000 to data/birds/bubo_bubo_a12000.tif...
2016-03-31 14:19:15,408 [INFO ]  [127/168] Translating data/birds/output/b1870a12000 to data/birds/charadrius_alexandrinus_a12000.tif...
2016-03-31 14:19:15,728 [INFO ]  [128/168] Translating data/birds/output/b1876a12000 to data/birds/ciconia_nigra_a12000.tif...
2016-03-31 14:19:16,147 [INFO ]  [129/168] Translating data/birds/output/b1877a12000 to data/birds/circaetus_gallicus_a12000.tif...
2016-03-31 14:19:16,554 [INFO ]  [130/168] Translating data/birds/output/b1878a12000 to data/birds/circus_cyaneus_a12000.tif...
2016-03-31 14:19:17,040 [INFO ]  [131/168] Translating data/birds/output/b1879a12000 to data/birds/circus_macrourus_a12000.tif...
2016-03-31 14:19:17,401 [INFO ]  [132/168] Translating data/birds/output/b1880a12000 to data/birds/columba_palumbus_a12000.tif...
2016-03-31 14:19:17,921 [INFO ]  [133/168] Translating data/birds/output/b1884a12000 to data/birds/coturnix_coturnix_a12000.tif...
2016-03-31 14:19:18,552 [INFO ]  [134/168] Translating data/birds/output/b1885a12000 to data/birds/crex_crex_a12000.tif...
2016-03-31 14:19:18,958 [INFO ]  [135/168] Translating data/birds/output/b1887a12000 to data/birds/cygnus_cygnus_a12000.tif...
2016-03-31 14:19:19,356 [INFO ]  [136/168] Translating data/birds/output/b1890a12000 to data/birds/elanus_caeruleus_a12000.tif...
2016-03-31 14:19:19,715 [INFO ]  [137/168] Translating data/birds/output/b1898a12000 to data/birds/falco_biarmicus_a12000.tif...
2016-03-31 14:19:20,053 [INFO ]  [138/168] Translating data/birds/output/b1899a12000 to data/birds/falco_cherrug_a12000.tif...
2016-03-31 14:19:20,441 [INFO ]  [139/168] Translating data/birds/output/b1900a12000 to data/birds/falco_eleonorae_a12000.tif...
2016-03-31 14:19:20,820 [INFO ]  [140/168] Translating data/birds/output/b1901a12000 to data/birds/falco_naumanni_a12000.tif...
2016-03-31 14:19:21,251 [INFO ]  [141/168] Translating data/birds/output/b1905a12000 to data/birds/falco_vespertinus_a12000.tif...
2016-03-31 14:19:21,624 [INFO ]  [142/168] Translating data/birds/output/b1913a12000 to data/birds/gallinago_media_a12000.tif...
2016-03-31 14:19:22,035 [INFO ]  [143/168] Translating data/birds/output/b1915a12000 to data/birds/gavia_arctica_a12000.tif...
2016-03-31 14:19:22,435 [INFO ]  [144/168] Translating data/birds/output/b1916a12000 to data/birds/gavia_stellata_a12000.tif...
2016-03-31 14:19:22,891 [INFO ]  [145/168] Translating data/birds/output/b1920a12000 to data/birds/grus_grus_a12000.tif...
2016-03-31 14:19:23,278 [INFO ]  [146/168] Translating data/birds/output/b1921a12000 to data/birds/gypaetus_barbatus_a12000.tif...
2016-03-31 14:19:23,629 [INFO ]  [147/168] Translating data/birds/output/b1923a12000 to data/birds/haliaeetus_albicilla_a12000.tif...
2016-03-31 14:19:24,167 [INFO ]  [148/168] Translating data/birds/output/b1926a12000 to data/birds/ixobrychus_minutus_a12000.tif...
2016-03-31 14:19:24,575 [INFO ]  [149/168] Translating data/birds/output/b1929a12000 to data/birds/lanius_excubitor_a12000.tif...
2016-03-31 14:19:24,988 [INFO ]  [150/168] Translating data/birds/output/b1934a12000 to data/birds/larus_canus_a12000.tif...
2016-03-31 14:19:25,385 [INFO ]  [151/168] Translating data/birds/output/b1940a12000 to data/birds/limosa_limosa_a12000.tif...
2016-03-31 14:19:25,693 [INFO ]  [152/168] Translating data/birds/output/b1956a12000 to data/birds/neophron_percnopterus_a12000.tif...
2016-03-31 14:19:26,057 [INFO ]  [153/168] Translating data/birds/output/b1959a12000 to data/birds/nyctea_scandiaca_a12000.tif...
2016-03-31 14:19:26,444 [INFO ]  [154/168] Translating data/birds/output/b1964a12000 to data/birds/otus_scops_a12000.tif...
2016-03-31 14:19:26,966 [INFO ]  [155/168] Translating data/birds/output/b1966a12000 to data/birds/pandion_haliaetus_a12000.tif...
2016-03-31 14:19:27,380 [INFO ]  [156/168] Translating data/birds/output/b1992a12000 to data/birds/podiceps_cristatus_a12000.tif...
2016-03-31 14:19:27,701 [INFO ]  [157/168] Translating data/birds/output/b1993a12000 to data/birds/porzana_pusilla_a12000.tif...
2016-03-31 14:19:28,001 [INFO ]  [158/168] Translating data/birds/output/b1995a12000 to data/birds/pterocles_alchata_a12000.tif...
2016-03-31 14:19:28,326 [INFO ]  [159/168] Translating data/birds/output/b1996a12000 to data/birds/pterocles_orientalis_a12000.tif...
2016-03-31 14:19:28,675 [INFO ]  [160/168] Translating data/birds/output/b1998a12000 to data/birds/pyrrhocorax_pyrrhocorax_a12000.tif...
2016-03-31 14:19:29,066 [INFO ]  [161/168] Translating data/birds/output/b1999a12000 to data/birds/recurvirostra_avosetta_a12000.tif...
2016-03-31 14:19:29,395 [INFO ]  [162/168] Translating data/birds/output/b2001a12000 to data/birds/saxicola_rubetra_a12000.tif...
2016-03-31 14:19:29,834 [INFO ]  [163/168] Translating data/birds/output/b2005a12000 to data/birds/sterna_sandvicensis_a12000.tif...
2016-03-31 14:19:30,159 [INFO ]  [164/168] Translating data/birds/output/b2006a12000 to data/birds/streptopelia_turtur_a12000.tif...
2016-03-31 14:19:30,765 [INFO ]  [165/168] Translating data/birds/output/b2014a12000 to data/birds/tetrao_tetrix_a12000.tif...
2016-03-31 14:19:31,201 [INFO ]  [166/168] Translating data/birds/output/b2017a12000 to data/birds/tringa_totanus_a12000.tif...
2016-03-31 14:19:31,562 [INFO ]  [167/168] Translating data/birds/output/b2022a12000 to data/birds/tyto_alba_a12000.tif...
2016-03-31 14:19:32,114 [INFO ]  [168/168] Translating data/birds/output/b2025a12000 to data/birds/vanellus_vanellus_a12000.tif...
2016-03-31 14:21:42,979 [INFO ]  [1/168] Translating data/birds/output/b1814a12000 to data/birds/acrocephalus_paludicola_a12000.tif...
2016-03-31 14:21:43,283 [INFO ]  [2/168] Translating data/birds/output/b1815a12000 to data/birds/actitis_hypoleucos_a12000.tif...
2016-03-31 14:21:43,819 [INFO ]  [3/168] Translating data/birds/output/b1819a12000 to data/birds/alcedo_atthis_a12000.tif...
2016-03-31 14:21:44,166 [INFO ]  [4/168] Translating data/birds/output/b1820a12000 to data/birds/alectoris_barbara_a12000.tif...
2016-03-31 14:21:44,462 [INFO ]  [5/168] Translating data/birds/output/b1821a12000 to data/birds/alectoris_chukar_a12000.tif...
2016-03-31 14:21:44,815 [INFO ]  [6/168] Translating data/birds/output/b1823a12000 to data/birds/alectoris_rufa_a12000.tif...
2016-03-31 14:21:45,199 [INFO ]  [7/168] Translating data/birds/output/b1825a12000 to data/birds/anas_clypeata_a12000.tif...
2016-03-31 14:21:45,554 [INFO ]  [8/168] Translating data/birds/output/b1828a12000 to data/birds/anas_platyrhynchos_a12000.tif...
2016-03-31 14:21:45,901 [INFO ]  [9/168] Translating data/birds/output/b1829a12000 to data/birds/anas_querquedula_a12000.tif...
2016-03-31 14:21:46,290 [INFO ]  [10/168] Translating data/birds/output/b1830a12000 to data/birds/anas_strepera_a12000.tif...
2016-03-31 14:21:46,598 [INFO ]  [11/168] Translating data/birds/output/b1832a12000 to data/birds/anthus_campestris_a12000.tif...
2016-03-31 14:21:47,119 [INFO ]  [12/168] Translating data/birds/output/b1840a12000 to data/birds/ardeola_ralloides_a12000.tif...
2016-03-31 14:21:47,445 [INFO ]  [13/168] Translating data/birds/output/b1841a12000 to data/birds/arenaria_interpres_a12000.tif...
2016-03-31 14:21:47,747 [INFO ]  [14/168] Translating data/birds/output/b1844a12000 to data/birds/aythya_ferina_a12000.tif...
2016-03-31 14:21:48,096 [INFO ]  [15/168] Translating data/birds/output/b1845a12000 to data/birds/aythya_fuligula_a12000.tif...
2016-03-31 14:21:48,443 [INFO ]  [16/168] Translating data/birds/output/b1846a12000 to data/birds/aythya_marila_a12000.tif...
2016-03-31 14:21:48,831 [INFO ]  [17/168] Translating data/birds/output/b1847a12000 to data/birds/aythya_nyroca_a12000.tif...
2016-03-31 14:21:49,143 [INFO ]  [18/168] Translating data/birds/output/b1852a12000 to data/birds/bucephala_clangula_a12000.tif...
2016-03-31 14:21:49,486 [INFO ]  [19/168] Translating data/birds/output/b1859a12000 to data/birds/calidris_alpina_a12000.tif...
2016-03-31 14:21:49,824 [INFO ]  [20/168] Translating data/birds/output/b1861a12000 to data/birds/calidris_maritima_a12000.tif...
2016-03-31 14:21:50,153 [INFO ]  [21/168] Translating data/birds/output/b1862a12000 to data/birds/calidris_minuta_a12000.tif...
2016-03-31 14:21:50,485 [INFO ]  [22/168] Translating data/birds/output/b1864a12000 to data/birds/caprimulgus_europaeus_a12000.tif...
2016-03-31 14:21:51,020 [INFO ]  [23/168] Translating data/birds/output/b1865a12000 to data/birds/carduelis_cannabina_a12000.tif...
2016-03-31 14:21:51,718 [INFO ]  [24/168] Translating data/birds/output/b1867a12000 to data/birds/carduelis_chloris_a12000.tif...
2016-03-31 14:21:52,199 [INFO ]  [25/168] Translating data/birds/output/b1875a12000 to data/birds/ciconia_ciconia_a12000.tif...
2016-03-31 14:21:52,695 [INFO ]  [26/168] Translating data/birds/output/b1881a12000 to data/birds/coracias_garrulus_a12000.tif...
2016-03-31 14:21:53,083 [INFO ]  [27/168] Translating data/birds/output/b1883a12000 to data/birds/corvus_monedula_a12000.tif...
2016-03-31 14:21:53,587 [INFO ]  [28/168] Translating data/birds/output/b1888a12000 to data/birds/cygnus_olor_a12000.tif...
2016-03-31 14:21:53,940 [INFO ]  [29/168] Translating data/birds/output/b1892a12000 to data/birds/emberiza_cia_a12000.tif...
2016-03-31 14:21:54,348 [INFO ]  [30/168] Translating data/birds/output/b1894a12000 to data/birds/emberiza_hortulana_a12000.tif...
2016-03-31 14:21:54,758 [INFO ]  [31/168] Translating data/birds/output/b1895a12000 to data/birds/emberiza_melanocephala_a12000.tif...
2016-03-31 14:21:55,097 [INFO ]  [32/168] Translating data/birds/output/b1896a12000 to data/birds/emberiza_schoeniclus_a12000.tif...
2016-03-31 14:21:55,476 [INFO ]  [33/168] Translating data/birds/output/b1897a12000 to data/birds/erithacus_rubecula_a12000.tif...
2016-03-31 14:21:56,050 [INFO ]  [34/168] Translating data/birds/output/b1902a12000 to data/birds/falco_rusticolus_a12000.tif...
2016-03-31 14:21:56,428 [INFO ]  [35/168] Translating data/birds/output/b1906a12000 to data/birds/ficedula_semitorquata_a12000.tif...
2016-03-31 14:21:56,754 [INFO ]  [36/168] Translating data/birds/output/b1908a12000 to data/birds/fringilla_coelebs_a12000.tif...
2016-03-31 14:21:57,430 [INFO ]  [37/168] Translating data/birds/output/b1909a12000 to data/birds/fulica_atra_a12000.tif...
2016-03-31 14:21:57,771 [INFO ]  [38/168] Translating data/birds/output/b1910a12000 to data/birds/galerida_cristata_a12000.tif...
2016-03-31 14:21:58,288 [INFO ]  [39/168] Translating data/birds/output/b1911a12000 to data/birds/galerida_theklae_a12000.tif...
2016-03-31 14:21:58,634 [INFO ]  [40/168] Translating data/birds/output/b1917a12000 to data/birds/gelochelidon_nilotica_a12000.tif...
2016-03-31 14:21:58,952 [INFO ]  [41/168] Translating data/birds/output/b1924a12000 to data/birds/hippolais_pallida_a12000.tif...
2016-03-31 14:21:59,322 [INFO ]  [42/168] Translating data/birds/output/b1925a12000 to data/birds/hirundo_rustica_a12000.tif...
2016-03-31 14:21:59,949 [INFO ]  [43/168] Translating data/birds/output/b1927a12000 to data/birds/jynx_torquilla_a12000.tif...
2016-03-31 14:22:00,643 [INFO ]  [44/168] Translating data/birds/output/b1928a12000 to data/birds/lanius_collurio_a12000.tif...
2016-03-31 14:22:01,322 [INFO ]  [45/168] Translating data/birds/output/b1930a12000 to data/birds/lanius_minor_a12000.tif...
2016-03-31 14:22:01,706 [INFO ]  [46/168] Translating data/birds/output/b1931a12000 to data/birds/lanius_nubicus_a12000.tif...
2016-03-31 14:22:02,000 [INFO ]  [47/168] Translating data/birds/output/b1932a12000 to data/birds/lanius_senator_a12000.tif...
2016-03-31 14:22:02,444 [INFO ]  [48/168] Translating data/birds/output/b1937a12000 to data/birds/larus_minutus_a12000.tif...
2016-03-31 14:22:02,790 [INFO ]  [49/168] Translating data/birds/output/b1938a12000 to data/birds/larus_ridibundus_a12000.tif...
2016-03-31 14:22:03,137 [INFO ]  [50/168] Translating data/birds/output/b1939a12000 to data/birds/limosa_lapponica_a12000.tif...
2016-03-31 14:22:03,462 [INFO ]  [51/168] Translating data/birds/output/b1941a12000 to data/birds/lullula_arborea_a12000.tif...
2016-03-31 14:22:03,874 [INFO ]  [52/168] Translating data/birds/output/b1942a12000 to data/birds/lymnocryptes_minimus_a12000.tif...
2016-03-31 14:22:04,197 [INFO ]  [53/168] Translating data/birds/output/b1943a12000 to data/birds/melanitta_fusca_a12000.tif...
2016-03-31 14:22:04,507 [INFO ]  [54/168] Translating data/birds/output/b1944a12000 to data/birds/melanocorypha_calandra_a12000.tif...
2016-03-31 14:22:04,825 [INFO ]  [55/168] Translating data/birds/output/b1945a12000 to data/birds/mergus_albellus_a12000.tif...
2016-03-31 14:22:05,219 [INFO ]  [56/168] Translating data/birds/output/b1946a12000 to data/birds/mergus_merganser_a12000.tif...
2016-03-31 14:22:05,562 [INFO ]  [57/168] Translating data/birds/output/b1948a12000 to data/birds/merops_apiaster_a12000.tif...
2016-03-31 14:22:06,002 [INFO ]  [58/168] Translating data/birds/output/b1949a12000 to data/birds/miliaria_calandra_a12000.tif...
2016-03-31 14:22:06,563 [INFO ]  [59/168] Translating data/birds/output/b1952a12000 to data/birds/monticola_saxatilis_a12000.tif...
2016-03-31 14:22:06,940 [INFO ]  [60/168] Translating data/birds/output/b1953a12000 to data/birds/monticola_solitarius_a12000.tif...
2016-03-31 14:22:07,324 [INFO ]  [61/168] Translating data/birds/output/b1955a12000 to data/birds/muscicapa_striata_a12000.tif...
2016-03-31 14:22:07,892 [INFO ]  [62/168] Translating data/birds/output/b1957a12000 to data/birds/netta_rufina_a12000.tif...
2016-03-31 14:22:08,261 [INFO ]  [63/168] Translating data/birds/output/b1960a12000 to data/birds/nycticorax_nycticorax_a12000.tif...
2016-03-31 14:22:08,590 [INFO ]  [64/168] Translating data/birds/output/b1961a12000 to data/birds/oenanthe_leucura_a12000.tif...
2016-03-31 14:22:08,958 [INFO ]  [65/168] Translating data/birds/output/b1965a12000 to data/birds/oxyura_leucocephala_a12000.tif...
2016-03-31 14:22:09,254 [INFO ]  [66/168] Translating data/birds/output/b1968a12000 to data/birds/parus_caeruleus_a12000.tif...
2016-03-31 14:22:09,908 [INFO ]  [67/168] Translating data/birds/output/b1969a12000 to data/birds/parus_cristatus_a12000.tif...
2016-03-31 14:22:10,462 [INFO ]  [68/168] Translating data/birds/output/b1973a12000 to data/birds/passer_montanus_a12000.tif...
2016-03-31 14:22:11,056 [INFO ]  [69/168] Translating data/birds/output/b1974a12000 to data/birds/perdix_perdix_a12000.tif...
2016-03-31 14:22:11,567 [INFO ]  [70/168] Translating data/birds/output/b1975a12000 to data/birds/perisoreus_infaustus_a12000.tif...
2016-03-31 14:22:11,992 [INFO ]  [71/168] Translating data/birds/output/b1978a12000 to data/birds/phoenicurus_phoenicurus_a12000.tif...
2016-03-31 14:22:12,519 [INFO ]  [72/168] Translating data/birds/output/b1979a12000 to data/birds/phylloscopus_bonelli_a12000.tif...
2016-03-31 14:22:12,949 [INFO ]  [73/168] Translating data/birds/output/b1981a12000 to data/birds/phylloscopus_sibilatrix_a12000.tif...
2016-03-31 14:22:13,459 [INFO ]  [74/168] Translating data/birds/output/b1984a12000 to data/birds/picoides_tridactylus_a12000.tif...
2016-03-31 14:22:13,853 [INFO ]  [75/168] Translating data/birds/output/b1985a12000 to data/birds/picus_canus_a12000.tif...
2016-03-31 14:22:14,357 [INFO ]  [76/168] Translating data/birds/output/b1986a12000 to data/birds/picus_viridis_a12000.tif...
2016-03-31 14:22:14,928 [INFO ]  [77/168] Translating data/birds/output/b1987a12000 to data/birds/platalea_leucorodia_a12000.tif...
2016-03-31 14:22:15,278 [INFO ]  [78/168] Translating data/birds/output/b1988a12000 to data/birds/plegadis_falcinellus_a12000.tif...
2016-03-31 14:22:15,570 [INFO ]  [79/168] Translating data/birds/output/b1989a12000 to data/birds/pluvialis_apricaria_a12000.tif...
2016-03-31 14:22:15,933 [INFO ]  [80/168] Translating data/birds/output/b1991a12000 to data/birds/podiceps_auritus_a12000.tif...
2016-03-31 14:22:16,249 [INFO ]  [81/168] Translating data/birds/output/b1994a12000 to data/birds/prunella_modularis_a12000.tif...
2016-03-31 14:22:16,816 [INFO ]  [82/168] Translating data/birds/output/b2000a12000 to data/birds/regulus_regulus_a12000.tif...
2016-03-31 14:22:17,395 [INFO ]  [83/168] Translating data/birds/output/b2002a12000 to data/birds/scolopax_rusticola_a12000.tif...
2016-03-31 14:22:17,730 [INFO ]  [84/168] Translating data/birds/output/b2003a12000 to data/birds/sterna_caspia_a12000.tif...
2016-03-31 14:22:18,018 [INFO ]  [85/168] Translating data/birds/output/b2004a12000 to data/birds/sterna_dougallii_a12000.tif...
2016-03-31 14:22:18,331 [INFO ]  [86/168] Translating data/birds/output/b2007a12000 to data/birds/sturnus_vulgaris_a12000.tif...
2016-03-31 14:22:18,865 [INFO ]  [87/168] Translating data/birds/output/b2008a12000 to data/birds/sylvia_atricapilla_a12000.tif...
2016-03-31 14:22:19,450 [INFO ]  [88/168] Translating data/birds/output/b2009a12000 to data/birds/sylvia_borin_a12000.tif...
2016-03-31 14:22:20,022 [INFO ]  [89/168] Translating data/birds/output/b2010a12000 to data/birds/sylvia_communis_a12000.tif...
2016-03-31 14:22:20,629 [INFO ]  [90/168] Translating data/birds/output/b2011a12000 to data/birds/sylvia_undata_a12000.tif...
2016-03-31 14:22:21,008 [INFO ]  [91/168] Translating data/birds/output/b2012a12000 to data/birds/tadorna_ferruginea_a12000.tif...
2016-03-31 14:22:21,314 [INFO ]  [92/168] Translating data/birds/output/b2015a12000 to data/birds/tringa_erythropus_a12000.tif...
2016-03-31 14:22:21,623 [INFO ]  [93/168] Translating data/birds/output/b2016a12000 to data/birds/tringa_glareola_a12000.tif...
2016-03-31 14:22:21,964 [INFO ]  [94/168] Translating data/birds/output/b2019a12000 to data/birds/turdus_merula_a12000.tif...
2016-03-31 14:22:22,541 [INFO ]  [95/168] Translating data/birds/output/b2020a12000 to data/birds/turdus_philomelos_a12000.tif...
2016-03-31 14:22:23,143 [INFO ]  [96/168] Translating data/birds/output/b2021a12000 to data/birds/turdus_viscivorus_a12000.tif...
2016-03-31 14:22:23,674 [INFO ]  [97/168] Translating data/birds/output/b1856a12000 to data/birds/calandrella_brachydactyla_a12000.tif...
2016-03-31 14:22:24,019 [INFO ]  [98/168] Translating data/birds/output/b1857a12000 to data/birds/calandrella_rufescens_a12000.tif...
2016-03-31 14:22:24,324 [INFO ]  [99/168] Translating data/birds/output/b1873a12000 to data/birds/chlidonias_hybridus_a12000.tif...
2016-03-31 14:22:24,634 [INFO ]  [100/168] Translating data/birds/output/b1824a12000 to data/birds/anas_acuta_a12000.tif...
2016-03-31 14:22:24,975 [INFO ]  [101/168] Translating data/birds/output/b1831a12000 to data/birds/anser_erythropus_a12000.tif...
2016-03-31 14:22:25,280 [INFO ]  [102/168] Translating data/birds/output/b1842a12000 to data/birds/asio_flammeus_a12000.tif...
2016-03-31 14:22:25,668 [INFO ]  [103/168] Translating data/birds/output/b1843a12000 to data/birds/athene_noctua_a12000.tif...
2016-03-31 14:22:26,192 [INFO ]  [104/168] Translating data/birds/output/b1853a12000 to data/birds/burhinus_oedicnemus_a12000.tif...
2016-03-31 14:22:26,593 [INFO ]  [105/168] Translating data/birds/output/b1855a12000 to data/birds/buteo_rufinus_a12000.tif...
2016-03-31 14:22:26,896 [INFO ]  [106/168] Translating data/birds/output/b1874a12000 to data/birds/chlidonias_niger_a12000.tif...
2016-03-31 14:22:27,263 [INFO ]  [107/168] Translating data/birds/output/b1904a12000 to data/birds/falco_tinnunculus_a12000.tif...
2016-03-31 14:22:27,890 [INFO ]  [108/168] Translating data/birds/output/b1918a12000 to data/birds/glareola_nordmanni_a12000.tif...
2016-03-31 14:22:28,191 [INFO ]  [109/168] Translating data/birds/output/b1919a12000 to data/birds/glareola_pratincola_a12000.tif...
2016-03-31 14:22:28,511 [INFO ]  [110/168] Translating data/birds/output/b1950a12000 to data/birds/milvus_migrans_a12000.tif...
2016-03-31 14:22:28,952 [INFO ]  [111/168] Translating data/birds/output/b1951a12000 to data/birds/milvus_milvus_a12000.tif...
2016-03-31 14:22:29,373 [INFO ]  [112/168] Translating data/birds/output/b1958a12000 to data/birds/numenius_arquata_a12000.tif...
2016-03-31 14:22:29,721 [INFO ]  [113/168] Translating data/birds/output/b1963a12000 to data/birds/otis_tarda_a12000.tif...
2016-03-31 14:22:30,073 [INFO ]  [114/168] Translating data/birds/output/b1812a12000 to data/birds/accipiter_brevipes_a12000.tif...
2016-03-31 14:22:30,406 [INFO ]  [115/168] Translating data/birds/output/b1817a12000 to data/birds/aegypius_monachus_a12000.tif...
2016-03-31 14:22:30,730 [INFO ]  [116/168] Translating data/birds/output/b1818a12000 to data/birds/alauda_arvensis_a12000.tif...
2016-03-31 14:22:31,350 [INFO ]  [117/168] Translating data/birds/output/b1822a12000 to data/birds/alectoris_graeca_a12000.tif...
2016-03-31 14:22:31,705 [INFO ]  [118/168] Translating data/birds/output/b1827a12000 to data/birds/anas_penelope_a12000.tif...
2016-03-31 14:22:32,013 [INFO ]  [119/168] Translating data/birds/output/b1834a12000 to data/birds/aquila_chrysaetos_a12000.tif...
2016-03-31 14:22:32,413 [INFO ]  [120/168] Translating data/birds/output/b1835a12000 to data/birds/aquila_clanga_a12000.tif...
2016-03-31 14:22:32,704 [INFO ]  [121/168] Translating data/birds/output/b1836a12000 to data/birds/aquila_heliaca_a12000.tif...
2016-03-31 14:22:33,044 [INFO ]  [122/168] Translating data/birds/output/b1838a12000 to data/birds/aquila_pomarina_a12000.tif...
2016-03-31 14:22:33,377 [INFO ]  [123/168] Translating data/birds/output/b1839a12000 to data/birds/ardea_purpurea_a12000.tif...
2016-03-31 14:22:33,770 [INFO ]  [124/168] Translating data/birds/output/b1848a12000 to data/birds/botaurus_stellaris_a12000.tif...
2016-03-31 14:22:34,071 [INFO ]  [125/168] Translating data/birds/output/b1849a12000 to data/birds/branta_bernicla_a12000.tif...
2016-03-31 14:22:34,382 [INFO ]  [126/168] Translating data/birds/output/b1851a12000 to data/birds/bubo_bubo_a12000.tif...
2016-03-31 14:22:34,826 [INFO ]  [127/168] Translating data/birds/output/b1870a12000 to data/birds/charadrius_alexandrinus_a12000.tif...
2016-03-31 14:22:35,144 [INFO ]  [128/168] Translating data/birds/output/b1876a12000 to data/birds/ciconia_nigra_a12000.tif...
2016-03-31 14:22:35,539 [INFO ]  [129/168] Translating data/birds/output/b1877a12000 to data/birds/circaetus_gallicus_a12000.tif...
2016-03-31 14:22:35,967 [INFO ]  [130/168] Translating data/birds/output/b1878a12000 to data/birds/circus_cyaneus_a12000.tif...
2016-03-31 14:22:36,482 [INFO ]  [131/168] Translating data/birds/output/b1879a12000 to data/birds/circus_macrourus_a12000.tif...
2016-03-31 14:22:36,788 [INFO ]  [132/168] Translating data/birds/output/b1880a12000 to data/birds/columba_palumbus_a12000.tif...
2016-03-31 14:22:37,225 [INFO ]  [133/168] Translating data/birds/output/b1884a12000 to data/birds/coturnix_coturnix_a12000.tif...
2016-03-31 14:22:37,810 [INFO ]  [134/168] Translating data/birds/output/b1885a12000 to data/birds/crex_crex_a12000.tif...
2016-03-31 14:22:38,232 [INFO ]  [135/168] Translating data/birds/output/b1887a12000 to data/birds/cygnus_cygnus_a12000.tif...
2016-03-31 14:22:38,551 [INFO ]  [136/168] Translating data/birds/output/b1890a12000 to data/birds/elanus_caeruleus_a12000.tif...
2016-03-31 14:22:38,873 [INFO ]  [137/168] Translating data/birds/output/b1898a12000 to data/birds/falco_biarmicus_a12000.tif...
2016-03-31 14:22:39,194 [INFO ]  [138/168] Translating data/birds/output/b1899a12000 to data/birds/falco_cherrug_a12000.tif...
2016-03-31 14:22:39,500 [INFO ]  [139/168] Translating data/birds/output/b1900a12000 to data/birds/falco_eleonorae_a12000.tif...
2016-03-31 14:22:39,804 [INFO ]  [140/168] Translating data/birds/output/b1901a12000 to data/birds/falco_naumanni_a12000.tif...
2016-03-31 14:22:40,144 [INFO ]  [141/168] Translating data/birds/output/b1905a12000 to data/birds/falco_vespertinus_a12000.tif...
2016-03-31 14:22:40,483 [INFO ]  [142/168] Translating data/birds/output/b1913a12000 to data/birds/gallinago_media_a12000.tif...
2016-03-31 14:22:40,805 [INFO ]  [143/168] Translating data/birds/output/b1915a12000 to data/birds/gavia_arctica_a12000.tif...
2016-03-31 14:22:41,148 [INFO ]  [144/168] Translating data/birds/output/b1916a12000 to data/birds/gavia_stellata_a12000.tif...
2016-03-31 14:22:41,476 [INFO ]  [145/168] Translating data/birds/output/b1920a12000 to data/birds/grus_grus_a12000.tif...
2016-03-31 14:22:41,845 [INFO ]  [146/168] Translating data/birds/output/b1921a12000 to data/birds/gypaetus_barbatus_a12000.tif...
2016-03-31 14:22:42,160 [INFO ]  [147/168] Translating data/birds/output/b1923a12000 to data/birds/haliaeetus_albicilla_a12000.tif...
2016-03-31 14:22:42,489 [INFO ]  [148/168] Translating data/birds/output/b1926a12000 to data/birds/ixobrychus_minutus_a12000.tif...
2016-03-31 14:22:42,892 [INFO ]  [149/168] Translating data/birds/output/b1929a12000 to data/birds/lanius_excubitor_a12000.tif...
2016-03-31 14:22:43,283 [INFO ]  [150/168] Translating data/birds/output/b1934a12000 to data/birds/larus_canus_a12000.tif...
2016-03-31 14:22:43,731 [INFO ]  [151/168] Translating data/birds/output/b1940a12000 to data/birds/limosa_limosa_a12000.tif...
2016-03-31 14:22:44,051 [INFO ]  [152/168] Translating data/birds/output/b1956a12000 to data/birds/neophron_percnopterus_a12000.tif...
2016-03-31 14:22:44,407 [INFO ]  [153/168] Translating data/birds/output/b1959a12000 to data/birds/nyctea_scandiaca_a12000.tif...
2016-03-31 14:22:44,718 [INFO ]  [154/168] Translating data/birds/output/b1964a12000 to data/birds/otus_scops_a12000.tif...
2016-03-31 14:22:45,150 [INFO ]  [155/168] Translating data/birds/output/b1966a12000 to data/birds/pandion_haliaetus_a12000.tif...
2016-03-31 14:22:45,523 [INFO ]  [156/168] Translating data/birds/output/b1992a12000 to data/birds/podiceps_cristatus_a12000.tif...
2016-03-31 14:22:45,849 [INFO ]  [157/168] Translating data/birds/output/b1993a12000 to data/birds/porzana_pusilla_a12000.tif...
2016-03-31 14:22:46,152 [INFO ]  [158/168] Translating data/birds/output/b1995a12000 to data/birds/pterocles_alchata_a12000.tif...
2016-03-31 14:22:46,492 [INFO ]  [159/168] Translating data/birds/output/b1996a12000 to data/birds/pterocles_orientalis_a12000.tif...
2016-03-31 14:22:46,807 [INFO ]  [160/168] Translating data/birds/output/b1998a12000 to data/birds/pyrrhocorax_pyrrhocorax_a12000.tif...
2016-03-31 14:22:47,164 [INFO ]  [161/168] Translating data/birds/output/b1999a12000 to data/birds/recurvirostra_avosetta_a12000.tif...
2016-03-31 14:22:47,472 [INFO ]  [162/168] Translating data/birds/output/b2001a12000 to data/birds/saxicola_rubetra_a12000.tif...
2016-03-31 14:22:47,938 [INFO ]  [163/168] Translating data/birds/output/b2005a12000 to data/birds/sterna_sandvicensis_a12000.tif...
2016-03-31 14:22:48,224 [INFO ]  [164/168] Translating data/birds/output/b2006a12000 to data/birds/streptopelia_turtur_a12000.tif...
2016-03-31 14:22:48,786 [INFO ]  [165/168] Translating data/birds/output/b2014a12000 to data/birds/tetrao_tetrix_a12000.tif...
2016-03-31 14:22:49,185 [INFO ]  [166/168] Translating data/birds/output/b2017a12000 to data/birds/tringa_totanus_a12000.tif...
2016-03-31 14:22:49,531 [INFO ]  [167/168] Translating data/birds/output/b2022a12000 to data/birds/tyto_alba_a12000.tif...
2016-03-31 14:22:50,038 [INFO ]  [168/168] Translating data/birds/output/b2025a12000 to data/birds/vanellus_vanellus_a12000.tif...
